Build started 18.04.2024 20:22:09.
     1>Project "C:\C_PJS\hwoxcol\hwoxcol\hwoxcol.vcxproj" on node 2 (Build target(s)).
     1>InitializeBuildStatus:
         Creating "Debug\hwoxcol.unsuccessfulbuild" because "AlwaysCreate" was specified.
       ClCompile:
         C:\Program Files (x86)\Microsoft Visual Studio 11.0\VC\bin\CL.exe /c /I..\..\include /I"C:\Program Files\Microsoft SDKs\Windows\v5.0\Include" /I"C:\C_PJS\curl-7.30.0\builds\libcurl-vc-x86-release-dll-ipv6-sspi-spnego-winssl\include" /ZI /nologo /W3 /WX- /Od /Oy- /D _DEBUG /D NT /D WIN32 /D _WINDOWS /D _MBCS /Gm /EHsc /RTC1 /MTd /GS /fp:precise /Zc:wchar_t /Zc:forScope /Fo"Debug\\" /Fd"Debug\vc110.pdb" /Gd /TC /analyze- /errorReport:prompt routines.c
         routines.c
       Link:
         C:\Program Files (x86)\Microsoft Visual Studio 11.0\VC\bin\link.exe /ERRORREPORT:PROMPT /OUT:"C:\C_PJS\hwoxcol\Debug\hwoxcol.exe" /NOLOGO /LIBPATH:..\.. /LIBPATH:"C:\C_PJS\curl-7.30.0\builds\libcurl-vc-x86-release-dll-ipv6-sspi-spnego-winssl\lib" libcurl.lib odbc32.lib odbccp32.lib version.lib hscnetapi.lib kernel32.lib user32.lib gdi32.lib winspool.lib comdlg32.lib advapi32.lib shell32.lib ole32.lib oleaut32.lib uuid.lib odbc32.lib odbccp32.lib /MANIFEST /MANIFESTUAC:"level='asInvoker' uiAccess='false'" /manifest:embed /DEBUG /PDB:"C:\C_PJS\hwoxcol\Debug\hwoxcol.pdb" /TLBID:1 /DYNAMICBASE /NXCOMPAT /IMPLIB:"C:\C_PJS\hwoxcol\Debug\hwoxcol.lib" /MACHINE:X86 Debug\csv.obj
         Debug\hwapicall.obj
         Debug\main.obj
         Debug\remote_reciever.obj
         Debug\routines.obj
         hwoxcol.vcxproj -> C:\C_PJS\hwoxcol\Debug\hwoxcol.exe
       FinalizeBuildStatus:
         Deleting file "Debug\hwoxcol.unsuccessfulbuild".
         Touching "Debug\hwoxcol.lastbuildstate".
     1>Done Building Project "C:\C_PJS\hwoxcol\hwoxcol\hwoxcol.vcxproj" (Build target(s)).

Build succeeded.

Time Elapsed 00:00:00.94
